C251 COMPILER V5.60.0,  all_init                                                           25/11/23  16:08:48  PAGE 1   


C251 COMPILER V5.60.0, COMPILATION OF MODULE all_init
OBJECT MODULE PLACED IN .\Out_File\all_init.obj
COMPILER INVOKED BY: C:\Keil_v5\C251\BIN\C251.EXE ..\CODE\all_init.c XSMALL INTR2 WARNINGLEVEL(3) OPTIMIZE(0,SPEED) BROW
                    -SE INCDIR(..\..\Libraries\libraries;..\..\Libraries\seekfree_libraries;..\..\Libraries\seekfree_peripheral;..\CODE;..\US
                    -ER\inc;..\USER\src) DEBUG PRINT(.\Out_File\all_init.lst) TABS(2) OBJECT(.\Out_File\all_init.obj) 

stmt  level    source

    1          #include "headfile.h"
    2          #include "motor.h"
    3          #include "encoder.h"
    4          #include "bal.h"
    5          #include "electronic.h"
    6          extern int16  Pulse_L, Pulse_R;
    7          extern float Speed_L_Out,Speed_R_Out;
    8          extern int16 LnowADC[];
    9          extern float Turn_OUT;
   10          extern float electro_error;
   11          extern int16 Speed_Turn;
   12          extern float angle;
   13          extern int16 Angle_Turn;
   14          extern int16 imu660ra_gyro_x, imu660ra_gyro_y, imu660ra_gyro_z;                 // ä¸‰è½´é™€èºä»ªæ•°æ® 
             -     gyro (é™€èºä»ª)
   15          extern int16 imu660ra_acc_x, imu660ra_acc_y, imu660ra_acc_z;                    // ä¸‰è½´åŠ é€Ÿåº¦è®¡æ•°æ
             -®     acc (accelerometer åŠ é€Ÿåº¦è®¡)
   16          void All_init(void){
   17   1          Motor_Init();
   18   1          Encoder_init();
   19   1          All_PID_Init();
   20   1          ADC_6_road_init();
   21   1          lcd_init_simspi();
   22   1          imu660ra_init();
   23   1          wireless_uart_init();
   24   1          P3M0 |= 0x40; P3M1 &= ~0x40; 
   25   1          P36 = 1;
   26   1      }
   27          
   28          void Tft_show(void){//å±å¹•æ˜¾ç¤ºå‡½æ•°ï¼Œæ˜¾ç¤ºéƒ½å†™åœ¨è¿™é‡Œé¢
   29   1          lcd_showstr_simspi(0,0,"zys666");
   30   1          lcd_showstr_simspi(0,1,"left");
   31   1          lcd_showint16_simspi(0,2,Pulse_L);               
   32   1                          //å·¦ç”µæœºç¼–ç å™¨æ˜¾ç¤º
   33   1          lcd_showstr_simspi(0,3,"right");
   34   1          lcd_showint16_simspi(0,4,Pulse_R);               
   35   1                          //å³ç”µæœºç¼–ç å™¨æ˜¾ç¤º
   36   1      //    lcd_showstr_simspi(0,5,"left_right");
   37   1      //    lcd_showint16_simspi(0,6,Speed_L_Out);  
   38   1      //    lcd_showint16_simspi(0,7,Speed_R_Out);  
   39   1                          //å·¦å³ç”µæœºè¾“å‡ºæ˜¾ç¤º
   40   1          lcd_showint16_simspi(0,5,electro_error);
   41   1          lcd_showint16_simspi(0,6,LnowADC[0]);
   42   1          lcd_showint16_simspi(0,7,LnowADC[5]);
   43   1                          //ç”µæ„Ÿæ˜¾ç¤º
   44   1      //    lcd_showint16_simspi(0,5,imu660ra_gyro_x);             
   45   1      //    lcd_showint16_simspi(0,6,imu660ra_gyro_y);             
   46   1      //    lcd_showint16_simspi(0,7,imu660ra_gyro_z);                
   47   1      //    lcd_showint16_simspi(0,8,imu660ra_acc_x);                
   48   1      //    lcd_showint16_simspi(0,9,imu660ra_acc_y);                
   49   1      //    lcd_showint16_simspi(0,10,imu660ra_acc_z);                
   50   1                          //é™€èºä»ªæ•°å€¼æ˜¾ç¤º
   51   1      }
   52          void Tft_Printf(void){//æ³¢å½¢æ‰“å°å‡½æ•°
   53   1          //printf("%d,%d,%d\n",Pulse_L,Pulse_R,63);//è¾“å‡ºå·¦å³è„‰å†²
   54   1        printf("%d,%d,%d,%.2f,%d,%.2f,%.2f\n",120,Pulse_L,Pulse_R,angle,Angle_Turn,Speed_L_Out,Speed_R_Out);
   55   1        
C251 COMPILER V5.60.0,  all_init                                                           25/11/23  16:08:48  PAGE 2   

   56   1      }


Module Information          Static   Overlayable
------------------------------------------------
  code size            =       227     ------
  ecode size           =    ------     ------
  data size            =    ------     ------
  idata size           =    ------     ------
  pdata size           =    ------     ------
  xdata size           =    ------     ------
  xdata-const size     =    ------     ------
  edata size           =    ------     ------
  bit size             =    ------     ------
  ebit size            =    ------     ------
  bitaddressable size  =    ------     ------
  ebitaddressable size =    ------     ------
  far data size        =    ------     ------
  huge data size       =    ------     ------
  const size           =    ------     ------
  hconst size          =        46     ------
End of Module Information.


C251 COMPILATION COMPLETE.  0 WARNING(S),  0 ERROR(S)
