C251 COMPILER V5.60.0,  isr                                                                25/11/23  17:17:56  PAGE 1   


C251 COMPILER V5.60.0, COMPILATION OF MODULE isr
OBJECT MODULE PLACED IN .\Out_File\isr.obj
COMPILER INVOKED BY: C:\Keil_v5\C251\BIN\C251.EXE ..\USER\src\isr.c XSMALL INTR2 WARNINGLEVEL(3) OPTIMIZE(0,SPEED) BROWS
                    -E INCDIR(..\..\Libraries\libraries;..\..\Libraries\seekfree_libraries;..\..\Libraries\seekfree_peripheral;..\CODE;..\USE
                    -R\inc;..\USER\src) DEBUG PRINT(.\Out_File\isr.lst) TABS(2) OBJECT(.\Out_File\isr.obj) 

stmt  level    source

    1          ///******************************************************************************************************
             -***************
    2          // * COPYRIGHT NOTICE
    3          // * Copyright (c) 2020,逐飞科技
    4          // * All rights reserved.
    5          // * 技术讨论QQ群：一群：179029047(已满)  二群：244861897(已满)  三群：824575535
    6          // *
    7          // * 以下所有内容版权均属逐飞科技所有，未经允许不得用于商业用途，
    8          // * 欢迎各位使用并传播本程序，修改内容时必须保留逐飞科技的版权声明。
    9          // *
   10          // * @file          isr
   11          // * @company       成都逐飞科技有限公司
   12          // * @author        逐飞科技(QQ790875685)
   13          // * @version       查看doc内version文件 版本说明
   14          // * @Software      MDK FOR C251 V5.60
   15          // * @Target core   STC32G12K128
   16          // * @Taobao        https://seekfree.taobao.com/
   17          // * @date          2020-4-14
   18          // ******************************************************************************************************
             -**************/
   19          #include "headfile.h"
   20          #include "bal.h"
   21          #include "electronic.h"
   22          #include "element.h"
   23          #include "motor.h"
   24          
   25          extern float Speed_L_Out,Speed_R_Out;
   26          extern int16 MagneticField;//磁场整体强度
   27          extern uint16 bal_flag; 
   28          int8 cnt=0,cnt2=0;
   29          char gyroflag;//角速度环读取控制变量
   30          extern float Turn_OUT;
   31          void TM1_Isr() interrupt 3
   32          { 
   33   1        cnt2++;
   34   1        if (cnt2==2)
   35   1        {
   36   2        gyroflag=1;
   37   2        cnt2=0;
   38   2        }
   39   1        Encoder_cal();//读取脉冲，并检测正反转
   40   1        cnt++;
   41   1        if(cnt==3)
   42   1        {
   43   2          InductorNormal();
   44   2          cnt=0;
   45   2        }
   46   1          Bal_control();
   47   1          if(MagneticField < 100 )
   48   1          {
   49   2              Speed_R_Out = 0;  //电机给PWM波进行控制
   50   2              Speed_L_Out = 0;
   51   2          }
   52   1        Motor_SpeedSet(Speed_L_Out,Speed_R_Out);
   53   1      }
   54          
   55          
C251 COMPILER V5.60.0,  isr                                                                25/11/23  17:17:56  PAGE 2   

   56          void TM2_Isr() interrupt 12
   57          {
   58   1            TIM2_CLEAR_FLAG;  //清除中断标志
   59   1      }
   60          
   61          
   62          
   63          
   64          void INT1_Isr() interrupt 2//电机控制周期
   65          {
   66   1      
   67   1      }
   68          void INT2_Isr() interrupt 10
   69          {
   70   1        INT2_CLEAR_FLAG;  //清除中断标志
   71   1      }
   72          //UART1中断
   73          void UART1_Isr() interrupt 4
   74          {
   75   1          uint8 res;
   76   1        static uint8 dwon_count;
   77   1          if(UART1_GET_TX_FLAG)
   78   1          {
   79   2              UART1_CLEAR_TX_FLAG;
   80   2              busy[1] = 0;
   81   2          }
   82   1          if(UART1_GET_RX_FLAG)
   83   1          {
   84   2              UART1_CLEAR_RX_FLAG;
   85   2              res = SBUF;
   86   2              //程序自动下载
   87   2              if(res == 0x7F)
   88   2              {
   89   3                  if(dwon_count++ > 20)
   90   3                      IAP_CONTR = 0x60;
   91   3              }
   92   2              else
   93   2              {
   94   3                  dwon_count = 0;
   95   3              }
   96   2          }
   97   1      }
   98          
   99          //UART2中断
  100          void UART2_Isr() interrupt 8
  101          {
  102   1          if(UART2_GET_TX_FLAG)
  103   1        {
  104   2              UART2_CLEAR_TX_FLAG;
  105   2          busy[2] = 0;
  106   2        }
  107   1          if(UART2_GET_RX_FLAG)
  108   1        {
  109   2              UART2_CLEAR_RX_FLAG;
  110   2          //接收数据寄存器为：S2BUF
  111   2      
  112   2        }
  113   1      }
  114          
  115          
  116          //UART3中断
  117          void UART3_Isr() interrupt 17
  118          {
  119   1          if(UART3_GET_TX_FLAG)
  120   1        {
  121   2              UART3_CLEAR_TX_FLAG;
C251 COMPILER V5.60.0,  isr                                                                25/11/23  17:17:56  PAGE 3   

  122   2          busy[3] = 0;
  123   2        }
  124   1          if(UART3_GET_RX_FLAG)
  125   1        {
  126   2              UART3_CLEAR_RX_FLAG;
  127   2          //接收数据寄存器为：S3BUF
  128   2      
  129   2        }
  130   1      }
  131          
  132          
  133          //UART4中断
  134          void UART4_Isr() interrupt 18
  135          {
  136   1          if(UART4_GET_TX_FLAG)
  137   1        {
  138   2              UART4_CLEAR_TX_FLAG;
  139   2          busy[4] = 0;
  140   2        }
  141   1          if(UART4_GET_RX_FLAG)
  142   1        {
  143   2              UART4_CLEAR_RX_FLAG;
  144   2      
  145   2          //接收数据寄存器为：S4BUF;
  146   2          if(wireless_type == WIRELESS_SI24R1)
  147   2              {
  148   3                  wireless_uart_callback();           //无线转串口回调函数
  149   3              }
  150   2              else if(wireless_type == WIRELESS_CH9141)
  151   2              {
  152   3                  bluetooth_ch9141_uart_callback();   //蓝牙转串口回调函数
  153   3              }
  154   2              else if(wireless_type == WIRELESS_CH573)
  155   2              {
  156   3                  wireless_ch573_callback();          //CH573无线模块回调函数
  157   3              }
  158   2        }
  159   1      }
  160          
  161          #define LED P52
  162          void INT0_Isr() interrupt 0
  163          {
  164   1        LED = 0;  //点亮LED
  165   1      }
  166          
  167          void INT3_Isr() interrupt 11
  168          {
  169   1        INT3_CLEAR_FLAG;  //清除中断标志
  170   1      }
  171          
  172          void INT4_Isr() interrupt 16
  173          {
  174   1        INT4_CLEAR_FLAG;  //清除中断标志
  175   1      }
  176          
  177          void TM0_Isr() interrupt 1
  178          {
  179   1      
  180   1      }
  181          
  182          void TM3_Isr() interrupt 19
  183          {
  184   1        TIM3_CLEAR_FLAG; //清除中断标志
  185   1        
  186   1      }
  187          
C251 COMPILER V5.60.0,  isr                                                                25/11/23  17:17:56  PAGE 4   

  188          void TM4_Isr() interrupt 20
  189          {
  190   1        TIM4_CLEAR_FLAG; //清除中断标志
  191   1      //  ccd_collect();   //CCD采集数据
  192   1      
  193   1      }
  194          
  195          //void  INT0_Isr()  interrupt 0;
  196          //void  TM0_Isr()   interrupt 1;
  197          //void  INT1_Isr()  interrupt 2;
  198          //void  TM1_Isr()   interrupt 3;
  199          //void  UART1_Isr() interrupt 4;
  200          //void  ADC_Isr()   interrupt 5;
  201          //void  LVD_Isr()   interrupt 6;
  202          //void  PCA_Isr()   interrupt 7;
  203          //void  UART2_Isr() interrupt 8;
  204          //void  SPI_Isr()   interrupt 9;
  205          //void  INT2_Isr()  interrupt 10;
  206          //void  INT3_Isr()  interrupt 11;
  207          //void  TM2_Isr()   interrupt 12;
  208          //void  INT4_Isr()  interrupt 16;
  209          //void  UART3_Isr() interrupt 17;
  210          //void  UART4_Isr() interrupt 18;
  211          //void  TM3_Isr()   interrupt 19;
  212          //void  TM4_Isr()   interrupt 20;
  213          //void  CMP_Isr()   interrupt 21;
  214          //void  I2C_Isr()   interrupt 24;
  215          //void  USB_Isr()   interrupt 25;
  216          //void  PWM1_Isr()  interrupt 26;
  217          //void  PWM2_Isr()  interrupt 27;


Module Information          Static   Overlayable
------------------------------------------------
  code size            =       506     ------
  ecode size           =    ------     ------
  data size            =    ------     ------
  idata size           =    ------     ------
  pdata size           =    ------     ------
  xdata size           =    ------     ------
  xdata-const size     =    ------     ------
  edata size           =         5     ------
  bit size             =    ------     ------
  ebit size            =    ------     ------
  bitaddressable size  =    ------     ------
  ebitaddressable size =    ------     ------
  far data size        =    ------     ------
  huge data size       =    ------     ------
  const size           =    ------     ------
  hconst size          =        10     ------
End of Module Information.


C251 COMPILATION COMPLETE.  0 WARNING(S),  0 ERROR(S)
