C251 COMPILER V5.60.0,  all_init                                                           17/07/23  20:21:50  PAGE 1   


C251 COMPILER V5.60.0, COMPILATION OF MODULE all_init
OBJECT MODULE PLACED IN .\Out_File\all_init.obj
COMPILER INVOKED BY: E:\keil5\C251\BIN\C251.EXE ..\CODE\all_init.c XSMALL INTR2 WARNINGLEVEL(3) OPTIMIZE(0,SPEED) BROWSE
                    - INCDIR(..\..\Libraries\libraries;..\..\Libraries\seekfree_libraries;..\..\Libraries\seekfree_peripheral;..\CODE;..\USER
                    -\inc;..\USER\src) DEBUG PRINT(.\Out_File\all_init.lst) TABS(2) OBJECT(.\Out_File\all_init.obj) 

stmt  level    source

    1          #include "headfile.h"
    2          #include "motor.h"
    3          #include "encoder.h"
    4          #include "bal.h"
    5          #include "electronic.h"
    6          
    7          void All_init(void){
    8   1          Motor_Init();
    9   1          Encoder_init();
   10   1          All_PID_Init();
   11   1          ADC_6_road_init();
   12   1          lcd_init_simspi();
   13   1      //    imu660ra_init();
   14   1            P3M0 |= 0x40; P3M1 &= ~0x40; 
   15   1          P36 = 1;
   16   1      }
   17          
   18          void Tft_show(void){//屏幕显示函数，显示都写在这里面
   19   1          lcd_showstr(0,0,"zys666");
   20   1                          //左电机编码器显示
   21   1                          //右电机编码器显示
   22   1                          //电感显示
   23   1                          //陀螺仪数值显示
   24   1      
   25   1      }


Module Information          Static   Overlayable
------------------------------------------------
  code size            =        41     ------
  ecode size           =    ------     ------
  data size            =    ------     ------
  idata size           =    ------     ------
  pdata size           =    ------     ------
  xdata size           =    ------     ------
  xdata-const size     =    ------     ------
  edata size           =    ------     ------
  bit size             =    ------     ------
  ebit size            =    ------     ------
  bitaddressable size  =    ------     ------
  ebitaddressable size =    ------     ------
  far data size        =    ------     ------
  huge data size       =    ------     ------
  const size           =    ------     ------
  hconst size          =         7     ------
End of Module Information.


C251 COMPILATION COMPLETE.  0 WARNING(S),  0 ERROR(S)
