C251 COMPILER V5.60.0,  element                                                            17/07/23  20:21:51  PAGE 1   


C251 COMPILER V5.60.0, COMPILATION OF MODULE element
OBJECT MODULE PLACED IN .\Out_File\element.obj
COMPILER INVOKED BY: E:\keil5\C251\BIN\C251.EXE ..\CODE\element.c XSMALL INTR2 WARNINGLEVEL(3) OPTIMIZE(0,SPEED) BROWSE 
                    -INCDIR(..\..\Libraries\libraries;..\..\Libraries\seekfree_libraries;..\..\Libraries\seekfree_peripheral;..\CODE;..\USER\
                    -inc;..\USER\src) DEBUG PRINT(.\Out_File\element.lst) TABS(2) OBJECT(.\Out_File\element.obj) 

stmt  level    source

    1          #include "element.h"
    2          #include "headfile.h"
    3          #include "bal.h"
    4          #include "electronic.h"
    5          #include "math.h"
    6          
    7          
    8          
    9          #define max_ele 650
   10          #define min_ele 200
   11          
   12          int8 flag_garage=0;//霍尔标志位
   13          int8 start_judge=0;
   14          bit flag_electronic=0;
   15          int16 flag_element_L=0,flag_element_R=0;
   16          int16 flag_stop_ring=0;
   17          int8 stop_garage=0;
   18          int16 time_ring=0;
   19          bit outRing_flag = 0;
   20          int8 bal_stop=0;
   21          int8 after_ring_in_garage=0;
   22          extern float electro_error;
   23          float road_L=0,road_R=0,road=0;   //圆环记录距离
   24          extern int16 AddSpeed;
   25          extern int16 LnowADC[6];
   26          extern int16 MagneticField;
   27          extern flag_stop;
   28          extern float Speed_L_Out,Speed_R_Out;
   29          extern float Turn_OUT;
   30          extern int16 L_Speed_Now_Error,R_Speed_Now_Error;
   31          
   32          extern pid_param_t Turn_PID,
   33          L_Speed_PID,R_Speed_PID;
   34          
   35          void Judge_Game(void)
   36          { 
   37   1      //  out_garage();
   38   1        
   39   1        if(start_judge)
   40   1         {
   41   2      //       if(Turn_PID.kp<Turn_kp) 
   42   2      //       {
   43   2      //          Turn_PID.kp += 0.001;
   44   2      //       }
   45   2          Bal_control();
   46   2           
   47   2          go_4_ring();
   48   2           
   49   2          if(MagneticField < 100)
   50   2          {
   51   3            flag_stop = 1;
   52   3            Speed_R_Out = 0;  //电机给PWM波进行控制
   53   3            Speed_L_Out = 0;
   54   3            
   55   3      //      L_Speed_Now_Error = 0;    
   56   3      //      R_Speed_Now_Error = 0;
   57   3          }
C251 COMPILER V5.60.0,  element                                                            17/07/23  20:21:51  PAGE 2   

   58   2          
   59   2          if(stop_garage)
   60   2          {
   61   3            Speed_L_Out=0;
   62   3            Speed_R_Out=0;
   63   3            
   64   3      //      L_Speed_Now_Error = 0;    
   65   3      //      R_Speed_Now_Error = 0;
   66   3          }
   67   2          
   68   2          Motor_SpeedSet(Speed_L_Out,Speed_R_Out);
   69   2         }
   70   1         
   71   1          
   72   1        if(LnowADC[2]>400 && fabs(electro_error)>30)
   73   1        {
   74   2          P36 = 0;
   75   2        }
   76   1        else
   77   1        {
   78   2          P36 = 1;
   79   2        }
   80   1      
   81   1      }
   82          
   83          
   84          
   85          void in_garage(void)
   86          {
   87   1        if(after_ring_in_garage)
   88   1        {
   89   2          if(!P45)
   90   2          {
   91   3            stop_garage=1;
   92   3          }
   93   2        }
   94   1      }
   95          
   96          
   97          void go_4_ring(void)
   98            {
   99   1          if(time_ring>0)
  100   1          {
  101   2            outRing_flag = 1;
  102   2            time_ring--;
  103   2          }
  104   1        if(LnowADC[1]>500&&MagneticField>1200&&outRing_flag==0)
  105   1        {
  106   2          
  107   2          after_ring_in_garage=1;
  108   2              time_ring=650;
  109   2          
  110   2        }
  111   1        if(time_ring)
  112   1        {
  113   2          //P36 = 0;
  114   2          Speed_R_Out=0;//16 400 1900 满电压  // 
  115   2          Speed_L_Out=2400;
  116   2        }
  117   1      
  118   1      }
  119          //  if (flag_stop_ring)
  120          //    if( LnowADC[1]>400 )
  121          //    {
  122          
  123          //      Motor_SpeedSet(2000, 500);
C251 COMPILER V5.60.0,  element                                                            17/07/23  20:21:51  PAGE 3   

  124          //    }
  125          //    else
  126          //    {
  127          //      Speed_R_Out=0;//电机给PWM波进行控制
  128          //        Speed_L_Out=0;
  129          //        P36 = 1;
  130          //    }
  131          
  132          void out_garage(void)
  133          {
  134   1      //  static int8 P45_flag=0;
  135   1      //  if(!P45)
  136   1      //  {
  137   1      //  Speed_R_Out=1200;
  138   1      //  Speed_L_Out=1300;
  139   1      //  }
  140   1      //  else if(P45){
  141   1      //    P45_flag=1;
  142   1      //  }
  143   1      //  if(electro_error<10&&P45_flag){
  144   1      //      Speed_R_Out=1500;
  145   1      //      Speed_L_Out=0;
  146   1      //  }
  147   1      //  if(LnowADC[1]>100&&P45_flag)
  148   1      //    {
  149   1      //            Speed_R_Out=0;
  150   1      //      Speed_L_Out=0;
  151   1      //        start_judge=1;
  152   1      //    }
  153   1        
  154   1        while (!P45)
  155   1        {
  156   2          Motor_SpeedSet(1250,1200);
  157   2        }
  158   1        
  159   1        Motor_SpeedSet(0,0);
  160   1        delay_ms(500);
  161   1        
  162   1        Motor_SpeedSet(0,3000);
  163   1        delay_ms(400);
  164   1        
  165   1        start_judge = 1;
  166   1      }
  167          
  168          void go_ring(void)
  169          {
  170   1        if(flag_element_L>0){
  171   2          flag_element_L--;
  172   2        }
  173   1        if(flag_element_R>0){
  174   2          flag_element_R--;
  175   2        }
  176   1        if( ( (LnowADC[0] > max_ele && LnowADC[5] > min_ele)  ||  (LnowADC[0] > 450 && LnowADC[5] > 450)   )  &
             -& MagneticField > 1300 )   //一定遇到“元素”了  并且该元素是 期望让车 向左拐
  177   1          {   
  178   2            flag_element_L = 1000;
  179   2            flag_stop_ring=1;
  180   2            P36 = 0;
  181   2          }
  182   1          
  183   1      //    if( ( (LnowADC[5] > max_ele && LnowADC[0] > min_ele) || (LnowADC[0] > 500 && LnowADC[5] > 500) )  && 
             -MagneticField > 1100 )   //期望让车 向右拐
  184   1      //    {   
  185   1      //        flag_element_R = 1000;
  186   1      //        P36 = 1;
  187   1      //    }
C251 COMPILER V5.60.0,  element                                                            17/07/23  20:21:51  PAGE 4   

  188   1          
  189   1          if( ( (LnowADC[0] - LnowADC[5]) < 400 && (LnowADC[0] - LnowADC[5]) > -400 ) || ( LnowADC[0]>700 && Lnow
             -ADC[5] < 60 ) ||   
  190   1                            ( LnowADC[5]>max_ele && LnowADC[0] < 60 )   )       //无元素 期望小车正常控制行驶  不
             -用外加干扰
  191   1          {
  192   2            P36 = 1;
  193   2          }
  194   1          
  195   1          if(flag_element_L>0&&flag_stop_ring)    //控制小车向左拐，直到离开元素 
  196   1          {
  197   2              // Speed_R_Out-=500;
  198   2          } 
  199   1          if(flag_element_R>0)
  200   1          {
  201   2              // Speed_L_Out-=500;
  202   2          } 
  203   1          
  204   1      }
  205          


Module Information          Static   Overlayable
------------------------------------------------
  code size            =       522     ------
  ecode size           =    ------     ------
  data size            =    ------     ------
  idata size           =    ------     ------
  pdata size           =    ------     ------
  xdata size           =    ------     ------
  xdata-const size     =    ------     ------
  edata size           =        25     ------
  bit size             =         2     ------
  ebit size            =    ------     ------
  bitaddressable size  =    ------     ------
  ebitaddressable size =    ------     ------
  far data size        =    ------     ------
  huge data size       =    ------     ------
  const size           =    ------     ------
  hconst size          =        73     ------
End of Module Information.


C251 COMPILATION COMPLETE.  0 WARNING(S),  0 ERROR(S)
