C251 COMPILER V5.60.0,  isr                                                                17/07/23  20:21:50  PAGE 1   


C251 COMPILER V5.60.0, COMPILATION OF MODULE isr
OBJECT MODULE PLACED IN .\Out_File\isr.obj
COMPILER INVOKED BY: E:\keil5\C251\BIN\C251.EXE ..\USER\src\isr.c XSMALL INTR2 WARNINGLEVEL(3) OPTIMIZE(0,SPEED) BROWSE 
                    -INCDIR(..\..\Libraries\libraries;..\..\Libraries\seekfree_libraries;..\..\Libraries\seekfree_peripheral;..\CODE;..\USER\
                    -inc;..\USER\src) DEBUG PRINT(.\Out_File\isr.lst) TABS(2) OBJECT(.\Out_File\isr.obj) 

stmt  level    source

    1          ///******************************************************************************************************
             -***************
    2          // * COPYRIGHT NOTICE
    3          // * Copyright (c) 2020,逐飞科技
    4          // * All rights reserved.
    5          // * 技术讨论QQ群：一群：179029047(已满)  二群：244861897(已满)  三群：824575535
    6          // *
    7          // * 以下所有内容版权均属逐飞科技所有，未经允许不得用于商业用途，
    8          // * 欢迎各位使用并传播本程序，修改内容时必须保留逐飞科技的版权声明。
    9          // *
   10          // * @file          isr
   11          // * @company       成都逐飞科技有限公司
   12          // * @author        逐飞科技(QQ790875685)
   13          // * @version       查看doc内version文件 版本说明
   14          // * @Software      MDK FOR C251 V5.60
   15          // * @Target core   STC32G12K128
   16          // * @Taobao        https://seekfree.taobao.com/
   17          // * @date          2020-4-14
   18          // ******************************************************************************************************
             -**************/
   19          #include "headfile.h"
   20          #include "bal.h"
   21          #include "electronic.h"
   22          #include "element.h"
   23          #include "motor.h"
   24          
   25          
   26          int16 flag_stop=0;
   27          extern float Speed_L_Out,Speed_R_Out;
   28          extern int16 MagneticField;//磁场整体强度
   29          extern uint16 bal_flag;
   30          int8 cnt=0,cnt2=0;
   31          
   32          extern float Turn_OUT;
   33          
   34          void TM1_Isr() interrupt 3
   35          { 
   36   1          cnt++;
   37   1          if(cnt==5)
   38   1          {
   39   2            InductorNormal();
   40   2            cnt=0;
   41   2          }
   42   1          Judge_Game();
   43   1      }
   44          
   45          
   46          void TM2_Isr() interrupt 12
   47          {
   48   1            TIM2_CLEAR_FLAG;  //清除中断标志
   49   1      }
   50          
   51          
   52          
   53          
   54          void INT1_Isr() interrupt 2//电机控制周期
   55          {
C251 COMPILER V5.60.0,  isr                                                                17/07/23  20:21:50  PAGE 2   

   56   1      
   57   1      }
   58          void INT2_Isr() interrupt 10
   59          {
   60   1        INT2_CLEAR_FLAG;  //清除中断标志
   61   1      }
   62          //UART1中断
   63          void UART1_Isr() interrupt 4
   64          {
   65   1          uint8 res;
   66   1        static uint8 dwon_count;
   67   1          if(UART1_GET_TX_FLAG)
   68   1          {
   69   2              UART1_CLEAR_TX_FLAG;
   70   2              busy[1] = 0;
   71   2          }
   72   1          if(UART1_GET_RX_FLAG)
   73   1          {
   74   2              UART1_CLEAR_RX_FLAG;
   75   2              res = SBUF;
   76   2              //程序自动下载
   77   2              if(res == 0x7F)
   78   2              {
   79   3                  if(dwon_count++ > 20)
   80   3                      IAP_CONTR = 0x60;
   81   3              }
   82   2              else
   83   2              {
   84   3                  dwon_count = 0;
   85   3              }
   86   2          }
   87   1      }
   88          
   89          //UART2中断
   90          void UART2_Isr() interrupt 8
   91          {
   92   1          if(UART2_GET_TX_FLAG)
   93   1        {
   94   2              UART2_CLEAR_TX_FLAG;
   95   2          busy[2] = 0;
   96   2        }
   97   1          if(UART2_GET_RX_FLAG)
   98   1        {
   99   2              UART2_CLEAR_RX_FLAG;
  100   2          //接收数据寄存器为：S2BUF
  101   2      
  102   2        }
  103   1      }
  104          
  105          
  106          //UART3中断
  107          void UART3_Isr() interrupt 17
  108          {
  109   1          if(UART3_GET_TX_FLAG)
  110   1        {
  111   2              UART3_CLEAR_TX_FLAG;
  112   2          busy[3] = 0;
  113   2        }
  114   1          if(UART3_GET_RX_FLAG)
  115   1        {
  116   2              UART3_CLEAR_RX_FLAG;
  117   2          //接收数据寄存器为：S3BUF
  118   2      
  119   2        }
  120   1      }
  121          
C251 COMPILER V5.60.0,  isr                                                                17/07/23  20:21:50  PAGE 3   

  122          
  123          //UART4中断
  124          void UART4_Isr() interrupt 18
  125          {
  126   1          if(UART4_GET_TX_FLAG)
  127   1        {
  128   2              UART4_CLEAR_TX_FLAG;
  129   2          busy[4] = 0;
  130   2        }
  131   1          if(UART4_GET_RX_FLAG)
  132   1        {
  133   2              UART4_CLEAR_RX_FLAG;
  134   2      
  135   2          //接收数据寄存器为：S4BUF;
  136   2          if(wireless_type == WIRELESS_SI24R1)
  137   2              {
  138   3                  wireless_uart_callback();           //无线转串口回调函数
  139   3              }
  140   2              else if(wireless_type == WIRELESS_CH9141)
  141   2              {
  142   3                  bluetooth_ch9141_uart_callback();   //蓝牙转串口回调函数
  143   3              }
  144   2              else if(wireless_type == WIRELESS_CH573)
  145   2              {
  146   3                  wireless_ch573_callback();          //CH573无线模块回调函数
  147   3              }
  148   2        }
  149   1      }
  150          
  151          #define LED P52
  152          void INT0_Isr() interrupt 0
  153          {
  154   1        LED = 0;  //点亮LED
  155   1      }
  156          
  157          void INT3_Isr() interrupt 11
  158          {
  159   1        INT3_CLEAR_FLAG;  //清除中断标志
  160   1      }
  161          
  162          void INT4_Isr() interrupt 16
  163          {
  164   1        INT4_CLEAR_FLAG;  //清除中断标志
  165   1      }
  166          
  167          void TM0_Isr() interrupt 1
  168          {
  169   1      
  170   1      }
  171          
  172          void TM3_Isr() interrupt 19
  173          {
  174   1        TIM3_CLEAR_FLAG; //清除中断标志
  175   1        
  176   1      }
  177          
  178          void TM4_Isr() interrupt 20
  179          {
  180   1        TIM4_CLEAR_FLAG; //清除中断标志
  181   1      //  ccd_collect();   //CCD采集数据
  182   1      
  183   1      }
  184          
  185          //void  INT0_Isr()  interrupt 0;
  186          //void  TM0_Isr()   interrupt 1;
  187          //void  INT1_Isr()  interrupt 2;
C251 COMPILER V5.60.0,  isr                                                                17/07/23  20:21:50  PAGE 4   

  188          //void  TM1_Isr()   interrupt 3;
  189          //void  UART1_Isr() interrupt 4;
  190          //void  ADC_Isr()   interrupt 5;
  191          //void  LVD_Isr()   interrupt 6;
  192          //void  PCA_Isr()   interrupt 7;
  193          //void  UART2_Isr() interrupt 8;
  194          //void  SPI_Isr()   interrupt 9;
  195          //void  INT2_Isr()  interrupt 10;
  196          //void  INT3_Isr()  interrupt 11;
  197          //void  TM2_Isr()   interrupt 12;
  198          //void  INT4_Isr()  interrupt 16;
  199          //void  UART3_Isr() interrupt 17;
  200          //void  UART4_Isr() interrupt 18;
  201          //void  TM3_Isr()   interrupt 19;
  202          //void  TM4_Isr()   interrupt 20;
  203          //void  CMP_Isr()   interrupt 21;
  204          //void  I2C_Isr()   interrupt 24;
  205          //void  USB_Isr()   interrupt 25;
  206          //void  PWM1_Isr()  interrupt 26;
  207          //void  PWM2_Isr()  interrupt 27;


Module Information          Static   Overlayable
------------------------------------------------
  code size            =       423     ------
  ecode size           =    ------     ------
  data size            =    ------     ------
  idata size           =    ------     ------
  pdata size           =    ------     ------
  xdata size           =    ------     ------
  xdata-const size     =    ------     ------
  edata size           =         6     ------
  bit size             =    ------     ------
  ebit size            =    ------     ------
  bitaddressable size  =    ------     ------
  ebitaddressable size =    ------     ------
  far data size        =    ------     ------
  huge data size       =    ------     ------
  const size           =    ------     ------
  hconst size          =        16     ------
End of Module Information.


C251 COMPILATION COMPLETE.  0 WARNING(S),  0 ERROR(S)
