C251 COMPILER V5.60.0,  main                                                               17/07/23  20:23:02  PAGE 1   


C251 COMPILER V5.60.0, COMPILATION OF MODULE main
OBJECT MODULE PLACED IN .\Out_File\main.obj
COMPILER INVOKED BY: E:\keil5\C251\BIN\C251.EXE ..\USER\src\main.c XSMALL INTR2 WARNINGLEVEL(3) OPTIMIZE(0,SPEED) BROWSE
                    - INCDIR(..\..\Libraries\libraries;..\..\Libraries\seekfree_libraries;..\..\Libraries\seekfree_peripheral;..\CODE;..\USER
                    -\inc;..\USER\src) DEBUG PRINT(.\Out_File\main.lst) TABS(2) OBJECT(.\Out_File\main.obj) 

stmt  level    source

    1          /********************************************************************************************************
             -*************
    2           * COPYRIGHT NOTICE
    3           * Copyright (c) 2020,逐飞科技
    4           * All rights reserved.
    5           * 技术讨论QQ群：一群：179029047(已满)  二群：244861897(已满)  三群：824575535
    6           *
    7           * 以下所有内容版权均属逐飞科技所有，未经允许不得用于商业用途，
    8           * 欢迎各位使用并传播本程序，修改内容时必须保留逐飞科技的版权声明。
    9           *
   10           * @file          main
   11           * @company       成都逐飞科技有限公司
   12           * @author        逐飞科技(QQ790875685)
   13           * @version       查看doc内version文件 版本说明
   14           * @Software    MDK FOR C251 V5.60
   15           * @Target core   STC32G12K128
   16           * @Taobao      https://seekfree.taobao.com/
   17           * @date          2020-12-18
   18           ********************************************************************************************************
             -************/
   19          
   20          #include "headfile.h"
   21          #include "all_init.h"
   22          #include "bal.h"
   23          #include "element.h"
   24          #include "motor.h"
   25          #include "LQ_PID.h"
   26          
   27          
   28          /*
   29           * 系统频率，可查看board.h中的 FOSC 宏定义修改。
   30           * board.h文件中FOSC的值设置为0,则程序自动设置系统频率为33.1776MHZ
   31           * 在board_init中,已经将P54引脚设置为复位
   32           * 如果需要使用P54引脚,可以在board.c文件中的board_init()函数中删除SET_P54_RESRT即可
   33           */
   34           
   35           sbit key = P1^7;
   36          extern float electro_error; 
   37          extern int16 LnowADC[6];
   38          extern int16 MagneticField;
   39          extern int8  ring_stop;
   40          extern float Turn_OUT;
   41          extern float Speed_L_Out,Speed_R_Out;
   42          extern int16 L_Speed_Now_Error;
   43           
   44          extern int16 global_L_Speed_Now_car,global_R_Speed_Now_car;
   45          extern int16 L_Speed_Now_Error,R_Speed_Now_Error;
   46          extern uint16  Speed_Target_car;
   47          extern float L_target,R_target;
   48          extern int16  Pulse_L,Pulse_R;
   49          extern int8 Turn_flag;
   50          extern int8 start_judge;
   51          
   52          extern pid_param_t Turn_PID,
   53          L_Speed_PID,R_Speed_PID;
   54          
   55          void main()
C251 COMPILER V5.60.0,  main                                                               17/07/23  20:23:02  PAGE 2   

   56          {
   57   1        board_init();     // 初始化寄存器,勿删除此句代码。
   58   1        All_init();
   59   1        //InductorNormal();
   60   1        while(key);
   61   1        pit_timer_ms(TIM_1,SPEED_IT_PERIOD);//电机控制周期1ms
   62   1        // 此处编写用户代码(例如：外设初始化代码等)
   63   1        out_garage();
   64   1          while(1)
   65   1        {
   66   2          
   67   2      //    if(key==0)
   68   2      //  {
   69   2      //    while(key==0);
   70   2      //    pwm=pwm+100;
   71   2      //  }
   72   2      //    Speed_L_Out = 0;
   73   2      //    Speed_R_Out = 0;
   74   2      //    Motor_SpeedSet(Speed_L_Out+pwm,Speed_R_Out+pwm);
   75   2          lcd_showfloat_simspi(0,0,Speed_L_Out,4,1);
   76   2          lcd_showfloat_simspi(0,1,Speed_R_Out,4,1);
   77   2          lcd_showfloat_simspi(0,2,L_Speed_PID.out,4,1);
   78   2          lcd_showfloat_simspi(0,3,R_Speed_PID.out,4,1);
   79   2           // 此处编写需要循环执行的代码
   80   2          //Tft_show();
   81   2          //lcd_showfloat_simspi(0,0,electro_error,3,1);
   82   2          //lcd_showint16_simspi(0,1,MagneticField);
   83   2      //    lcd_showint16_simspi(0,2,LnowADC[0]);
   84   2          //lcd_showint16_simspi(0,3,LnowADC[1]);
   85   2        //  lcd_showint16_simspi(0,4,LnowADC[2]);
   86   2        //  lcd_showint16_simspi(0,5,LnowADC[4]);
   87   2        //  lcd_showint16_simspi(0,6,LnowADC[5]);
   88   2          
   89   2        //printf("%d,%d,%f,%f,%f,%f,%f,%f,%d,%d,%d\n",global_L_Speed_Now_car,global_R_Speed_Now_car,Speed_L_Out,
             -Speed_R_Out,L_target,
   90   2        //R_target,electro_error,Turn_OUT,start_judge,L_Speed_Now_Error,R_Speed_Now_Error);
   91   2      
   92   2      }
   93   1      }


Module Information          Static   Overlayable
------------------------------------------------
  code size            =       108     ------
  ecode size           =    ------     ------
  data size            =    ------     ------
  idata size           =    ------     ------
  pdata size           =    ------     ------
  xdata size           =    ------     ------
  xdata-const size     =    ------     ------
  edata size           =    ------     ------
  bit size             =    ------     ------
  ebit size            =    ------     ------
  bitaddressable size  =    ------     ------
  ebitaddressable size =    ------     ------
  far data size        =    ------     ------
  huge data size       =    ------     ------
  const size           =    ------     ------
  hconst size          =    ------     ------
End of Module Information.


C251 COMPILATION COMPLETE.  0 WARNING(S),  0 ERROR(S)
